Successfully modified index.css
Successfully modified index.css
file:///C:/Users/twj_5/Downloads/my-medusa-store/scripts/modify-css.js:1
const fs = require('fs');
           ^

ReferenceError: require is not defined in ES module scope, you can use import instead
    at file:///C:/Users/twj_5/Downloads/my-medusa-store/scripts/modify-css.js:1:12
    at ModuleJob.run (node:internal/modules/esm/module_job:271:25)
    at async onImport.tracePromise.__proto__ (node:internal/modules/esm/loader:578:26)
    at async asyncRunEntryPointWithESMLoader (node:internal/modules/run_main:116:5)

Node.js v22.14.0
file:///C:/Users/twj_5/Downloads/my-medusa-store/scripts/modify-css.js:1
const fs = require('fs');
           ^

ReferenceError: require is not defined in ES module scope, you can use import instead
    at file:///C:/Users/twj_5/Downloads/my-medusa-store/scripts/modify-css.js:1:12
    at ModuleJob.run (node:internal/modules/esm/module_job:271:25)
    at async onImport.tracePromise.__proto__ (node:internal/modules/esm/loader:578:26)
    at async asyncRunEntryPointWithESMLoader (node:internal/modules/run_main:116:5)

Node.js v22.14.0
Waiting 10 seconds before modifying CSS...
(node:14040) [MODULE_TYPELESS_PACKAGE_JSON] Warning: Module type of file:///C:/Users/twj_5/Downloads/my-medusa-store/scripts/modify-css.js is not specified and it doesn't parse as CommonJS.
Reparsing as ES module because module syntax was detected. This incurs a performance overhead.
To eliminate this warning, add "type": "module" to C:\Users\twj_5\Downloads\my-medusa-store\package.json.
(Use `node --trace-warnings ...` to show where the warning was created)
Successfully modified index.css
